<?xml version="1.0" encoding="UTF-8"?>
<!-- Generated by org.testng.reporters.JUnitXMLReporter -->
<testsuite ignored="0" hostname="sonu" failures="0" tests="3" name="Test" time="59.38" errors="0" timestamp="2022-01-20T21:43:42 IST">
  <testcase classname="MyProject.validateTitle" name="TitleTest" time="17.716"/>
  <testcase classname="MyProject.HomePageTest" name="loginTest" time="12.644"/>
  <testcase classname="MyProject.validateNavBar" name="NavBarTest" time="11.322"/>
</testsuite> <!-- Test -->
