<?xml version="1.0" encoding="UTF-8"?>
<!-- Generated by org.testng.reporters.JUnitXMLReporter -->
<testsuite ignored="0" hostname="sonu" failures="0" tests="3" name="Test" time="64.703" errors="0" timestamp="2022-01-20T22:23:06 IST">
  <testcase classname="MyProject.validateTitle" name="TitleTest" time="16.62"/>
  <testcase classname="MyProject.HomePageTest" name="loginTest" time="13.212"/>
  <testcase classname="MyProject.validateNavBar" name="NavBarTest" time="13.525"/>
</testsuite> <!-- Test -->
